{"uuid":"10d04bc1-c44f-4bef-a3c9-e2991abea24a","historyId":"2226916b76144e2823d8c3c760d4525e","testCaseId":"53e50ff647f798374f88ac43c568c2e7","fullName":"src/test/resources/features/BillPayment.feature:4","labels":[{"name":"tag","value":"BillPayment"},{"name":"host","value":"DESKTOP-S99UOC8"},{"name":"thread","value":"29060@DESKTOP-S99UOC8.main(1)"},{"name":"feature","value":"Bill Payment"},{"name":"story","value":"Pay bills to payees"},{"name":"suite","value":"Bill Payment"},{"name":"testClass","value":"Pay bills to payees"},{"name":"framework","value":"cucumber4jvm"},{"name":"language","value":"java"},{"name":"gherkin_uri","value":"file:///C:/Users/HP/eclipse-workspace/selenium-workspace/zero-bank-capstone/src/test/resources/features/BillPayment.feature"},{"name":"package","value":"src.test.resources.features.BillPayment_feature.Bill Payment"}],"links":[],"name":"Pay bills to payees","status":"failed","statusDetails":{"known":false,"muted":false,"flaky":false,"message":"expected [true] but found [false]","trace":"java.lang.AssertionError: expected [true] but found [false]\r\n\tat org.testng.Assert.fail(Assert.java:111)\r\n\tat org.testng.Assert.failNotEquals(Assert.java:1578)\r\n\tat org.testng.Assert.assertTrue(Assert.java:57)\r\n\tat org.testng.Assert.assertTrue(Assert.java:67)\r\n\tat com.zerobank.steps.PayBillsStepDefinations.success_message_is_displayed(PayBillsStepDefinations.java:54)\r\n\tat ✽.Success message \"The payment was successfully submitted.\" is displayed(file:///C:/Users/HP/eclipse-workspace/selenium-workspace/zero-bank-capstone/src/test/resources/features/BillPayment.feature:10)\r\n"},"stage":"finished","steps":[{"name":"Given the user is logged in","status":"passed","statusDetails":{"known":false,"muted":false,"flaky":false},"stage":"finished","steps":[],"attachments":[],"parameters":[],"start":1742188799451,"stop":1742188804619},{"name":"When the user navigates to the bill payment page","status":"passed","statusDetails":{"known":false,"muted":false,"flaky":false},"stage":"finished","steps":[],"attachments":[],"parameters":[],"start":1742188804623,"stop":1742188806573},{"name":"And selects a payee","status":"passed","statusDetails":{"known":false,"muted":false,"flaky":false},"stage":"finished","steps":[],"attachments":[],"parameters":[],"start":1742188806573,"stop":1742188806688},{"name":"Then enters \"567\" as amount and \"17-03-2025\"","status":"passed","statusDetails":{"known":false,"muted":false,"flaky":false},"stage":"finished","steps":[],"attachments":[],"parameters":[],"start":1742188806688,"stop":1742188807269},{"name":"And clicks on the pay button","status":"passed","statusDetails":{"known":false,"muted":false,"flaky":false},"stage":"finished","steps":[],"attachments":[],"parameters":[],"start":1742188807269,"stop":1742188807673},{"name":"Then Success message \"The payment was successfully submitted.\" is displayed","status":"failed","statusDetails":{"known":false,"muted":false,"flaky":false,"message":"expected [true] but found [false]","trace":"java.lang.AssertionError: expected [true] but found [false]\r\n\tat org.testng.Assert.fail(Assert.java:111)\r\n\tat org.testng.Assert.failNotEquals(Assert.java:1578)\r\n\tat org.testng.Assert.assertTrue(Assert.java:57)\r\n\tat org.testng.Assert.assertTrue(Assert.java:67)\r\n\tat com.zerobank.steps.PayBillsStepDefinations.success_message_is_displayed(PayBillsStepDefinations.java:54)\r\n\tat ✽.Success message \"The payment was successfully submitted.\" is displayed(file:///C:/Users/HP/eclipse-workspace/selenium-workspace/zero-bank-capstone/src/test/resources/features/BillPayment.feature:10)\r\n"},"stage":"finished","steps":[],"attachments":[],"parameters":[],"start":1742188807674,"stop":1742188858093}],"attachments":[],"parameters":[],"start":1742188792520,"stop":1742188858426}