{"uuid":"3b99890d-e275-4a6a-b171-9d89b8458806","historyId":"c76e8046aef5da50aed478f6eb77ced4","testCaseId":"72bea92868b431f18f0e3866ec00b367","fullName":"src/test/resources/features/Aauthentication.feature:7","labels":[{"name":"tag","value":"Aauthentication"},{"name":"tag","value":"validCredentials"},{"name":"host","value":"DESKTOP-S99UOC8"},{"name":"thread","value":"9732@DESKTOP-S99UOC8.main(1)"},{"name":"feature","value":"User Authentication"},{"name":"story","value":"User Authentication with valid credentials"},{"name":"suite","value":"User Authentication"},{"name":"testClass","value":"User Authentication with valid credentials"},{"name":"framework","value":"cucumber4jvm"},{"name":"language","value":"java"},{"name":"gherkin_uri","value":"file:///C:/Users/HP/eclipse-workspace/selenium-workspace/zero-bank-capstone/src/test/resources/features/Aauthentication.feature"},{"name":"package","value":"src.test.resources.features.Aauthentication_feature.User Authentication"}],"links":[],"name":"User Authentication with valid credentials","status":"failed","statusDetails":{"known":false,"muted":false,"flaky":false,"message":"An error occurred while trying to access the login page: no such window: target window already closed\nfrom unknown error: web view not found\n  (Session info: chrome=134.0.6998.89)\nBuild info: version: '4.27.0', revision: 'd6e718d134'\nSystem info: os.name: 'Windows 10', os.arch: 'amd64', os.version: '10.0', java.version: '21.0.6'\nDriver info: org.openqa.selenium.chrome.ChromeDriver\nCommand: [f6c3b859dba3ba4168353592d99f6ccf, findElement {using=xpath, value=//button[@id='signin_button']}]\nCapabilities {acceptInsecureCerts: false, browserName: chrome, browserVersion: 134.0.6998.89, chrome: {chromedriverVersion: 134.0.6998.88 (7e3d5c978c6d..., userDataDir: C:\\Users\\HP\\AppData\\Local\\T...}, fedcm:accounts: true, goog:chromeOptions: {debuggerAddress: localhost:60024}, networkConnectionEnabled: false, pageLoadStrategy: normal, platformName: windows, proxy: Proxy(), se:cdp: ws://localhost:60024/devtoo..., se:cdpVersion: 134.0.6998.89, setWindowRect: true, strictFileInteractability: false, timeouts: {implicit: 0, pageLoad: 300000, script: 30000}, unhandledPromptBehavior: dismiss and notify, webauthn:extension:credBlob: true, webauthn:extension:largeBlob: true, webauthn:extension:minPinLength: true, webauthn:extension:prf: true, webauthn:virtualAuthenticators: true}\nSession ID: f6c3b859dba3ba4168353592d99f6ccf","trace":"java.lang.AssertionError: An error occurred while trying to access the login page: no such window: target window already closed\nfrom unknown error: web view not found\n  (Session info: chrome=134.0.6998.89)\nBuild info: version: '4.27.0', revision: 'd6e718d134'\nSystem info: os.name: 'Windows 10', os.arch: 'amd64', os.version: '10.0', java.version: '21.0.6'\nDriver info: org.openqa.selenium.chrome.ChromeDriver\nCommand: [f6c3b859dba3ba4168353592d99f6ccf, findElement {using=xpath, value=//button[@id='signin_button']}]\nCapabilities {acceptInsecureCerts: false, browserName: chrome, browserVersion: 134.0.6998.89, chrome: {chromedriverVersion: 134.0.6998.88 (7e3d5c978c6d..., userDataDir: C:\\Users\\HP\\AppData\\Local\\T...}, fedcm:accounts: true, goog:chromeOptions: {debuggerAddress: localhost:60024}, networkConnectionEnabled: false, pageLoadStrategy: normal, platformName: windows, proxy: Proxy(), se:cdp: ws://localhost:60024/devtoo..., se:cdpVersion: 134.0.6998.89, setWindowRect: true, strictFileInteractability: false, timeouts: {implicit: 0, pageLoad: 300000, script: 30000}, unhandledPromptBehavior: dismiss and notify, webauthn:extension:credBlob: true, webauthn:extension:largeBlob: true, webauthn:extension:minPinLength: true, webauthn:extension:prf: true, webauthn:virtualAuthenticators: true}\nSession ID: f6c3b859dba3ba4168353592d99f6ccf\r\n\tat org.testng.Assert.fail(Assert.java:111)\r\n\tat com.zerobank.steps.AuthenticationStepsDefinations.user_is_on_the_login_page(AuthenticationStepsDefinations.java:31)\r\n\tat ✽.User is on the login page(file:///C:/Users/HP/eclipse-workspace/selenium-workspace/zero-bank-capstone/src/test/resources/features/Aauthentication.feature:8)\r\n"},"stage":"finished","steps":[{"name":"Given User is on the login page","status":"failed","statusDetails":{"known":false,"muted":false,"flaky":false,"message":"An error occurred while trying to access the login page: no such window: target window already closed\nfrom unknown error: web view not found\n  (Session info: chrome=134.0.6998.89)\nBuild info: version: '4.27.0', revision: 'd6e718d134'\nSystem info: os.name: 'Windows 10', os.arch: 'amd64', os.version: '10.0', java.version: '21.0.6'\nDriver info: org.openqa.selenium.chrome.ChromeDriver\nCommand: [f6c3b859dba3ba4168353592d99f6ccf, findElement {using=xpath, value=//button[@id='signin_button']}]\nCapabilities {acceptInsecureCerts: false, browserName: chrome, browserVersion: 134.0.6998.89, chrome: {chromedriverVersion: 134.0.6998.88 (7e3d5c978c6d..., userDataDir: C:\\Users\\HP\\AppData\\Local\\T...}, fedcm:accounts: true, goog:chromeOptions: {debuggerAddress: localhost:60024}, networkConnectionEnabled: false, pageLoadStrategy: normal, platformName: windows, proxy: Proxy(), se:cdp: ws://localhost:60024/devtoo..., se:cdpVersion: 134.0.6998.89, setWindowRect: true, strictFileInteractability: false, timeouts: {implicit: 0, pageLoad: 300000, script: 30000}, unhandledPromptBehavior: dismiss and notify, webauthn:extension:credBlob: true, webauthn:extension:largeBlob: true, webauthn:extension:minPinLength: true, webauthn:extension:prf: true, webauthn:virtualAuthenticators: true}\nSession ID: f6c3b859dba3ba4168353592d99f6ccf","trace":"java.lang.AssertionError: An error occurred while trying to access the login page: no such window: target window already closed\nfrom unknown error: web view not found\n  (Session info: chrome=134.0.6998.89)\nBuild info: version: '4.27.0', revision: 'd6e718d134'\nSystem info: os.name: 'Windows 10', os.arch: 'amd64', os.version: '10.0', java.version: '21.0.6'\nDriver info: org.openqa.selenium.chrome.ChromeDriver\nCommand: [f6c3b859dba3ba4168353592d99f6ccf, findElement {using=xpath, value=//button[@id='signin_button']}]\nCapabilities {acceptInsecureCerts: false, browserName: chrome, browserVersion: 134.0.6998.89, chrome: {chromedriverVersion: 134.0.6998.88 (7e3d5c978c6d..., userDataDir: C:\\Users\\HP\\AppData\\Local\\T...}, fedcm:accounts: true, goog:chromeOptions: {debuggerAddress: localhost:60024}, networkConnectionEnabled: false, pageLoadStrategy: normal, platformName: windows, proxy: Proxy(), se:cdp: ws://localhost:60024/devtoo..., se:cdpVersion: 134.0.6998.89, setWindowRect: true, strictFileInteractability: false, timeouts: {implicit: 0, pageLoad: 300000, script: 30000}, unhandledPromptBehavior: dismiss and notify, webauthn:extension:credBlob: true, webauthn:extension:largeBlob: true, webauthn:extension:minPinLength: true, webauthn:extension:prf: true, webauthn:virtualAuthenticators: true}\nSession ID: f6c3b859dba3ba4168353592d99f6ccf\r\n\tat org.testng.Assert.fail(Assert.java:111)\r\n\tat com.zerobank.steps.AuthenticationStepsDefinations.user_is_on_the_login_page(AuthenticationStepsDefinations.java:31)\r\n\tat ✽.User is on the login page(file:///C:/Users/HP/eclipse-workspace/selenium-workspace/zero-bank-capstone/src/test/resources/features/Aauthentication.feature:8)\r\n"},"stage":"finished","steps":[],"attachments":[],"parameters":[],"start":1742315328531,"stop":1742315328575},{"name":"When User enters \"username\" and \"password\" in respective field","status":"skipped","statusDetails":{"known":false,"muted":false,"flaky":false},"stage":"finished","steps":[],"attachments":[],"parameters":[],"start":1742315328579,"stop":1742315328581},{"name":"And User clicks the login button","status":"skipped","statusDetails":{"known":false,"muted":false,"flaky":false},"stage":"finished","steps":[],"attachments":[],"parameters":[],"start":1742315328582,"stop":1742315328583},{"name":"Then User is navigated to their account","status":"skipped","statusDetails":{"known":false,"muted":false,"flaky":false},"stage":"finished","steps":[],"attachments":[],"parameters":[],"start":1742315328583,"stop":1742315328584}],"attachments":[],"parameters":[],"start":1742315322733,"stop":1742315328690}