{"uuid":"6659ded9-aca0-4aab-b60c-bc29107f8496","historyId":"723e23de761f7173621d697eba6001b0","testCaseId":"d7aa6281b643845ab671727215a9ed1e","fullName":"src/test/resources/features/BillPayment.feature:40","labels":[{"name":"tag","value":"BillPayment"},{"name":"tag","value":"MissingDetails"},{"name":"host","value":"DESKTOP-S99UOC8"},{"name":"thread","value":"13400@DESKTOP-S99UOC8.main(1)"},{"name":"feature","value":"Bill Payment"},{"name":"story","value":"Adding a new Payee with missing details"},{"name":"suite","value":"Bill Payment"},{"name":"testClass","value":"Adding a new Payee with missing details"},{"name":"framework","value":"cucumber4jvm"},{"name":"language","value":"java"},{"name":"gherkin_uri","value":"file:///C:/Users/HP/eclipse-workspace/selenium-workspace/zero-bank-capstone/src/test/resources/features/BillPayment.feature"},{"name":"package","value":"src.test.resources.features.BillPayment_feature.Bill Payment"}],"links":[],"name":"Adding a new Payee with missing details","status":"failed","statusDetails":{"known":false,"muted":false,"flaky":false,"message":"expected [true] but found [false]","trace":"java.lang.AssertionError: expected [true] but found [false]\r\n\tat org.testng.Assert.fail(Assert.java:111)\r\n\tat org.testng.Assert.failNotEquals(Assert.java:1578)\r\n\tat org.testng.Assert.assertTrue(Assert.java:57)\r\n\tat org.testng.Assert.assertTrue(Assert.java:67)\r\n\tat com.zerobank.steps.PayBillsStepDefinations.error_message_should_be_displayed(PayBillsStepDefinations.java:93)\r\n\tat ✽.Error message \"All fields are required.\" should be displayed(file:///C:/Users/HP/eclipse-workspace/selenium-workspace/zero-bank-capstone/src/test/resources/features/BillPayment.feature:46)\r\n"},"stage":"finished","steps":[{"name":"Given the user is logged in","status":"passed","statusDetails":{"known":false,"muted":false,"flaky":false},"stage":"finished","steps":[],"attachments":[],"parameters":[],"start":1742234730607,"stop":1742234735599},{"name":"When the user navigates to the bill payment page","status":"passed","statusDetails":{"known":false,"muted":false,"flaky":false},"stage":"finished","steps":[],"attachments":[],"parameters":[],"start":1742234735600,"stop":1742234737083},{"name":"Then add new payee","status":"passed","statusDetails":{"known":false,"muted":false,"flaky":false},"stage":"finished","steps":[],"attachments":[],"parameters":[],"start":1742234737084,"stop":1742234737217},{"name":"And add the \"\",\"123TestCity\",\"123456789\",\"savings\"","status":"passed","statusDetails":{"known":false,"muted":false,"flaky":false},"stage":"finished","steps":[],"attachments":[],"parameters":[],"start":1742234737218,"stop":1742234737897},{"name":"And clicks on the add button","status":"passed","statusDetails":{"known":false,"muted":false,"flaky":false},"stage":"finished","steps":[],"attachments":[],"parameters":[],"start":1742234737897,"stop":1742234738074},{"name":"Then Error message \"All fields are required.\" should be displayed","status":"failed","statusDetails":{"known":false,"muted":false,"flaky":false,"message":"expected [true] but found [false]","trace":"java.lang.AssertionError: expected [true] but found [false]\r\n\tat org.testng.Assert.fail(Assert.java:111)\r\n\tat org.testng.Assert.failNotEquals(Assert.java:1578)\r\n\tat org.testng.Assert.assertTrue(Assert.java:57)\r\n\tat org.testng.Assert.assertTrue(Assert.java:67)\r\n\tat com.zerobank.steps.PayBillsStepDefinations.error_message_should_be_displayed(PayBillsStepDefinations.java:93)\r\n\tat ✽.Error message \"All fields are required.\" should be displayed(file:///C:/Users/HP/eclipse-workspace/selenium-workspace/zero-bank-capstone/src/test/resources/features/BillPayment.feature:46)\r\n"},"stage":"finished","steps":[],"attachments":[],"parameters":[],"start":1742234738075,"stop":1742234758422}],"attachments":[],"parameters":[],"start":1742234726180,"stop":1742234758742}