{"uuid":"666165d9-f5d1-4090-86f3-873be004fde4","historyId":"dff8e3a994f0d9012b7ecd8f3e006a55","testCaseId":"d7aa6281b643845ab671727215a9ed1e","fullName":"src/test/resources/features/BillPayment.feature:50","labels":[{"name":"tag","value":"BillPayment"},{"name":"tag","value":"MissingDetails"},{"name":"host","value":"DESKTOP-S99UOC8"},{"name":"thread","value":"14780@DESKTOP-S99UOC8.main(1)"},{"name":"feature","value":"Bill Payment"},{"name":"story","value":"Adding a new Payee with missing details"},{"name":"suite","value":"Bill Payment"},{"name":"testClass","value":"Adding a new Payee with missing details"},{"name":"framework","value":"cucumber4jvm"},{"name":"language","value":"java"},{"name":"gherkin_uri","value":"file:///C:/Users/HP/eclipse-workspace/selenium-workspace/zero-bank-capstone/src/test/resources/features/BillPayment.feature"},{"name":"package","value":"src.test.resources.features.BillPayment_feature.Bill Payment"}],"links":[],"name":"Adding a new Payee with missing details","status":"failed","statusDetails":{"known":false,"muted":false,"flaky":false,"message":"Error occuredError communicating with the remote browser. It may have died.\nBuild info: version: '4.27.0', revision: 'd6e718d134'\nSystem info: os.name: 'Windows 10', os.arch: 'amd64', os.version: '10.0', java.version: '21.0.6'\nDriver info: org.openqa.selenium.chrome.ChromeDriver\nCommand: [4a5961a8640e2b8e0be44939bcee7ec2, screenshot []]\nCapabilities {acceptInsecureCerts: false, browserName: chrome, browserVersion: 134.0.6998.89, chrome: {chromedriverVersion: 134.0.6998.88 (7e3d5c978c6d..., userDataDir: C:\\Users\\HP\\AppData\\Local\\T...}, fedcm:accounts: true, goog:chromeOptions: {debuggerAddress: localhost:49568}, networkConnectionEnabled: false, pageLoadStrategy: normal, platformName: windows, proxy: Proxy(), se:cdp: ws://localhost:49568/devtoo..., se:cdpVersion: 134.0.6998.89, setWindowRect: true, strictFileInteractability: false, timeouts: {implicit: 0, pageLoad: 300000, script: 30000}, unhandledPromptBehavior: dismiss and notify, webauthn:extension:credBlob: true, webauthn:extension:largeBlob: true, webauthn:extension:minPinLength: true, webauthn:extension:prf: true, webauthn:virtualAuthenticators: true}\nSession ID: 4a5961a8640e2b8e0be44939bcee7ec2","trace":"java.lang.AssertionError: Error occuredError communicating with the remote browser. It may have died.\nBuild info: version: '4.27.0', revision: 'd6e718d134'\nSystem info: os.name: 'Windows 10', os.arch: 'amd64', os.version: '10.0', java.version: '21.0.6'\nDriver info: org.openqa.selenium.chrome.ChromeDriver\nCommand: [4a5961a8640e2b8e0be44939bcee7ec2, screenshot []]\nCapabilities {acceptInsecureCerts: false, browserName: chrome, browserVersion: 134.0.6998.89, chrome: {chromedriverVersion: 134.0.6998.88 (7e3d5c978c6d..., userDataDir: C:\\Users\\HP\\AppData\\Local\\T...}, fedcm:accounts: true, goog:chromeOptions: {debuggerAddress: localhost:49568}, networkConnectionEnabled: false, pageLoadStrategy: normal, platformName: windows, proxy: Proxy(), se:cdp: ws://localhost:49568/devtoo..., se:cdpVersion: 134.0.6998.89, setWindowRect: true, strictFileInteractability: false, timeouts: {implicit: 0, pageLoad: 300000, script: 30000}, unhandledPromptBehavior: dismiss and notify, webauthn:extension:credBlob: true, webauthn:extension:largeBlob: true, webauthn:extension:minPinLength: true, webauthn:extension:prf: true, webauthn:virtualAuthenticators: true}\nSession ID: 4a5961a8640e2b8e0be44939bcee7ec2\r\n\tat org.testng.Assert.fail(Assert.java:111)\r\n\tat com.zerobank.steps.PayBillsStepDefinations.error_message_should_be_displayed(PayBillsStepDefinations.java:95)\r\n\tat ✽.Error message \"All fields are required.\" should be displayed(file:///C:/Users/HP/eclipse-workspace/selenium-workspace/zero-bank-capstone/src/test/resources/features/BillPayment.feature:46)\r\n"},"stage":"finished","steps":[{"name":"Given the user is logged in","status":"passed","statusDetails":{"known":false,"muted":false,"flaky":false},"stage":"finished","steps":[],"attachments":[],"parameters":[],"start":1742234198976,"stop":1742234203919},{"name":"When the user navigates to the bill payment page","status":"passed","statusDetails":{"known":false,"muted":false,"flaky":false},"stage":"finished","steps":[],"attachments":[],"parameters":[],"start":1742234203920,"stop":1742234206040},{"name":"Then add new payee","status":"passed","statusDetails":{"known":false,"muted":false,"flaky":false},"stage":"finished","steps":[],"attachments":[],"parameters":[],"start":1742234206042,"stop":1742234206166},{"name":"And add the \"name\",\"address\",\"accountNo\",\"details\"","status":"passed","statusDetails":{"known":false,"muted":false,"flaky":false},"stage":"finished","steps":[],"attachments":[],"parameters":[],"start":1742234206167,"stop":1742234206933},{"name":"And clicks on the add button","status":"passed","statusDetails":{"known":false,"muted":false,"flaky":false},"stage":"finished","steps":[],"attachments":[],"parameters":[],"start":1742234206937,"stop":1742234207346},{"name":"Then Error message \"All fields are required.\" should be displayed","status":"failed","statusDetails":{"known":false,"muted":false,"flaky":false,"message":"Error occuredError communicating with the remote browser. It may have died.\nBuild info: version: '4.27.0', revision: 'd6e718d134'\nSystem info: os.name: 'Windows 10', os.arch: 'amd64', os.version: '10.0', java.version: '21.0.6'\nDriver info: org.openqa.selenium.chrome.ChromeDriver\nCommand: [4a5961a8640e2b8e0be44939bcee7ec2, screenshot []]\nCapabilities {acceptInsecureCerts: false, browserName: chrome, browserVersion: 134.0.6998.89, chrome: {chromedriverVersion: 134.0.6998.88 (7e3d5c978c6d..., userDataDir: C:\\Users\\HP\\AppData\\Local\\T...}, fedcm:accounts: true, goog:chromeOptions: {debuggerAddress: localhost:49568}, networkConnectionEnabled: false, pageLoadStrategy: normal, platformName: windows, proxy: Proxy(), se:cdp: ws://localhost:49568/devtoo..., se:cdpVersion: 134.0.6998.89, setWindowRect: true, strictFileInteractability: false, timeouts: {implicit: 0, pageLoad: 300000, script: 30000}, unhandledPromptBehavior: dismiss and notify, webauthn:extension:credBlob: true, webauthn:extension:largeBlob: true, webauthn:extension:minPinLength: true, webauthn:extension:prf: true, webauthn:virtualAuthenticators: true}\nSession ID: 4a5961a8640e2b8e0be44939bcee7ec2","trace":"java.lang.AssertionError: Error occuredError communicating with the remote browser. It may have died.\nBuild info: version: '4.27.0', revision: 'd6e718d134'\nSystem info: os.name: 'Windows 10', os.arch: 'amd64', os.version: '10.0', java.version: '21.0.6'\nDriver info: org.openqa.selenium.chrome.ChromeDriver\nCommand: [4a5961a8640e2b8e0be44939bcee7ec2, screenshot []]\nCapabilities {acceptInsecureCerts: false, browserName: chrome, browserVersion: 134.0.6998.89, chrome: {chromedriverVersion: 134.0.6998.88 (7e3d5c978c6d..., userDataDir: C:\\Users\\HP\\AppData\\Local\\T...}, fedcm:accounts: true, goog:chromeOptions: {debuggerAddress: localhost:49568}, networkConnectionEnabled: false, pageLoadStrategy: normal, platformName: windows, proxy: Proxy(), se:cdp: ws://localhost:49568/devtoo..., se:cdpVersion: 134.0.6998.89, setWindowRect: true, strictFileInteractability: false, timeouts: {implicit: 0, pageLoad: 300000, script: 30000}, unhandledPromptBehavior: dismiss and notify, webauthn:extension:credBlob: true, webauthn:extension:largeBlob: true, webauthn:extension:minPinLength: true, webauthn:extension:prf: true, webauthn:virtualAuthenticators: true}\nSession ID: 4a5961a8640e2b8e0be44939bcee7ec2\r\n\tat org.testng.Assert.fail(Assert.java:111)\r\n\tat com.zerobank.steps.PayBillsStepDefinations.error_message_should_be_displayed(PayBillsStepDefinations.java:95)\r\n\tat ✽.Error message \"All fields are required.\" should be displayed(file:///C:/Users/HP/eclipse-workspace/selenium-workspace/zero-bank-capstone/src/test/resources/features/BillPayment.feature:46)\r\n"},"stage":"finished","steps":[],"attachments":[],"parameters":[],"start":1742234207346,"stop":1742234231027}],"attachments":[],"parameters":[{"name":"name","value":""},{"name":"address","value":"123TestCity"},{"name":"accountNo","value":"123456789"},{"name":"details","value":"savings"}],"start":1742234192978,"stop":1742234231049}