{"uuid":"86a0d712-1462-40e5-b5a5-6b61e69ede44","historyId":"c76e8046aef5da50aed478f6eb77ced4","testCaseId":"72bea92868b431f18f0e3866ec00b367","fullName":"src/test/resources/features/Aauthentication.feature:7","labels":[{"name":"tag","value":"Aauthentication"},{"name":"tag","value":"validCredentials"},{"name":"host","value":"DESKTOP-S99UOC8"},{"name":"thread","value":"15808@DESKTOP-S99UOC8.main(1)"},{"name":"feature","value":"User Authentication"},{"name":"story","value":"User Authentication with valid credentials"},{"name":"suite","value":"User Authentication"},{"name":"testClass","value":"User Authentication with valid credentials"},{"name":"framework","value":"cucumber4jvm"},{"name":"language","value":"java"},{"name":"gherkin_uri","value":"file:///C:/Users/HP/eclipse-workspace/selenium-workspace/zero-bank-capstone/src/test/resources/features/Aauthentication.feature"},{"name":"package","value":"src.test.resources.features.Aauthentication_feature.User Authentication"}],"links":[],"name":"User Authentication with valid credentials","status":"failed","statusDetails":{"known":false,"muted":false,"flaky":false,"message":"An error occurred while navigating to the account summary: Expected condition failed: waiting for visibility of element located by By.xpath: //div[@class='span12']/div/ul/li[2]/div/strong[text()='Online Banking'] (tried for 10 second(s) with 500 milliseconds interval)\nBuild info: version: '4.27.0', revision: 'd6e718d134'\nSystem info: os.name: 'Windows 10', os.arch: 'amd64', os.version: '10.0', java.version: '21.0.6'\nDriver info: org.openqa.selenium.chrome.ChromeDriver\nCapabilities {acceptInsecureCerts: false, browserName: chrome, browserVersion: 134.0.6998.89, chrome: {chromedriverVersion: 134.0.6998.88 (7e3d5c978c6d..., userDataDir: C:\\Users\\HP\\AppData\\Local\\T...}, fedcm:accounts: true, goog:chromeOptions: {debuggerAddress: localhost:50743}, networkConnectionEnabled: false, pageLoadStrategy: normal, platformName: windows, proxy: Proxy(), se:cdp: ws://localhost:50743/devtoo..., se:cdpVersion: 134.0.6998.89, setWindowRect: true, strictFileInteractability: false, timeouts: {implicit: 0, pageLoad: 300000, script: 30000}, unhandledPromptBehavior: dismiss and notify, webauthn:extension:credBlob: true, webauthn:extension:largeBlob: true, webauthn:extension:minPinLength: true, webauthn:extension:prf: true, webauthn:virtualAuthenticators: true}\nSession ID: c12c1d6f18189a4bc1307d81d6bcd577","trace":"java.lang.AssertionError: An error occurred while navigating to the account summary: Expected condition failed: waiting for visibility of element located by By.xpath: //div[@class='span12']/div/ul/li[2]/div/strong[text()='Online Banking'] (tried for 10 second(s) with 500 milliseconds interval)\nBuild info: version: '4.27.0', revision: 'd6e718d134'\nSystem info: os.name: 'Windows 10', os.arch: 'amd64', os.version: '10.0', java.version: '21.0.6'\nDriver info: org.openqa.selenium.chrome.ChromeDriver\nCapabilities {acceptInsecureCerts: false, browserName: chrome, browserVersion: 134.0.6998.89, chrome: {chromedriverVersion: 134.0.6998.88 (7e3d5c978c6d..., userDataDir: C:\\Users\\HP\\AppData\\Local\\T...}, fedcm:accounts: true, goog:chromeOptions: {debuggerAddress: localhost:50743}, networkConnectionEnabled: false, pageLoadStrategy: normal, platformName: windows, proxy: Proxy(), se:cdp: ws://localhost:50743/devtoo..., se:cdpVersion: 134.0.6998.89, setWindowRect: true, strictFileInteractability: false, timeouts: {implicit: 0, pageLoad: 300000, script: 30000}, unhandledPromptBehavior: dismiss and notify, webauthn:extension:credBlob: true, webauthn:extension:largeBlob: true, webauthn:extension:minPinLength: true, webauthn:extension:prf: true, webauthn:virtualAuthenticators: true}\nSession ID: c12c1d6f18189a4bc1307d81d6bcd577\r\n\tat org.testng.Assert.fail(Assert.java:111)\r\n\tat com.zerobank.steps.AuthenticationStepsDefinations.user_is_navigated_to_their_account(AuthenticationStepsDefinations.java:67)\r\n\tat ✽.User is navigated to their account(file:///C:/Users/HP/eclipse-workspace/selenium-workspace/zero-bank-capstone/src/test/resources/features/Aauthentication.feature:11)\r\n"},"stage":"finished","steps":[{"name":"Given User is on the login page","status":"passed","statusDetails":{"known":false,"muted":false,"flaky":false},"stage":"finished","steps":[],"attachments":[],"parameters":[],"start":1742318452329,"stop":1742318452815},{"name":"When User enters \"username\" and \"password\" in respective field","status":"passed","statusDetails":{"known":false,"muted":false,"flaky":false},"stage":"finished","steps":[],"attachments":[],"parameters":[],"start":1742318452816,"stop":1742318453059},{"name":"And User clicks the login button","status":"passed","statusDetails":{"known":false,"muted":false,"flaky":false},"stage":"finished","steps":[],"attachments":[],"parameters":[],"start":1742318453059,"stop":1742318455110},{"name":"Then User is navigated to their account","status":"failed","statusDetails":{"known":false,"muted":false,"flaky":false,"message":"An error occurred while navigating to the account summary: Expected condition failed: waiting for visibility of element located by By.xpath: //div[@class='span12']/div/ul/li[2]/div/strong[text()='Online Banking'] (tried for 10 second(s) with 500 milliseconds interval)\nBuild info: version: '4.27.0', revision: 'd6e718d134'\nSystem info: os.name: 'Windows 10', os.arch: 'amd64', os.version: '10.0', java.version: '21.0.6'\nDriver info: org.openqa.selenium.chrome.ChromeDriver\nCapabilities {acceptInsecureCerts: false, browserName: chrome, browserVersion: 134.0.6998.89, chrome: {chromedriverVersion: 134.0.6998.88 (7e3d5c978c6d..., userDataDir: C:\\Users\\HP\\AppData\\Local\\T...}, fedcm:accounts: true, goog:chromeOptions: {debuggerAddress: localhost:50743}, networkConnectionEnabled: false, pageLoadStrategy: normal, platformName: windows, proxy: Proxy(), se:cdp: ws://localhost:50743/devtoo..., se:cdpVersion: 134.0.6998.89, setWindowRect: true, strictFileInteractability: false, timeouts: {implicit: 0, pageLoad: 300000, script: 30000}, unhandledPromptBehavior: dismiss and notify, webauthn:extension:credBlob: true, webauthn:extension:largeBlob: true, webauthn:extension:minPinLength: true, webauthn:extension:prf: true, webauthn:virtualAuthenticators: true}\nSession ID: c12c1d6f18189a4bc1307d81d6bcd577","trace":"java.lang.AssertionError: An error occurred while navigating to the account summary: Expected condition failed: waiting for visibility of element located by By.xpath: //div[@class='span12']/div/ul/li[2]/div/strong[text()='Online Banking'] (tried for 10 second(s) with 500 milliseconds interval)\nBuild info: version: '4.27.0', revision: 'd6e718d134'\nSystem info: os.name: 'Windows 10', os.arch: 'amd64', os.version: '10.0', java.version: '21.0.6'\nDriver info: org.openqa.selenium.chrome.ChromeDriver\nCapabilities {acceptInsecureCerts: false, browserName: chrome, browserVersion: 134.0.6998.89, chrome: {chromedriverVersion: 134.0.6998.88 (7e3d5c978c6d..., userDataDir: C:\\Users\\HP\\AppData\\Local\\T...}, fedcm:accounts: true, goog:chromeOptions: {debuggerAddress: localhost:50743}, networkConnectionEnabled: false, pageLoadStrategy: normal, platformName: windows, proxy: Proxy(), se:cdp: ws://localhost:50743/devtoo..., se:cdpVersion: 134.0.6998.89, setWindowRect: true, strictFileInteractability: false, timeouts: {implicit: 0, pageLoad: 300000, script: 30000}, unhandledPromptBehavior: dismiss and notify, webauthn:extension:credBlob: true, webauthn:extension:largeBlob: true, webauthn:extension:minPinLength: true, webauthn:extension:prf: true, webauthn:virtualAuthenticators: true}\nSession ID: c12c1d6f18189a4bc1307d81d6bcd577\r\n\tat org.testng.Assert.fail(Assert.java:111)\r\n\tat com.zerobank.steps.AuthenticationStepsDefinations.user_is_navigated_to_their_account(AuthenticationStepsDefinations.java:67)\r\n\tat ✽.User is navigated to their account(file:///C:/Users/HP/eclipse-workspace/selenium-workspace/zero-bank-capstone/src/test/resources/features/Aauthentication.feature:11)\r\n"},"stage":"finished","steps":[],"attachments":[],"parameters":[],"start":1742318455111,"stop":1742318465183}],"attachments":[],"parameters":[],"start":1742318445897,"stop":1742318465492}