{"uuid":"99fb1bd5-fb9d-4147-9e01-5bd759e2b288","historyId":"6ab8282152ea1b7fe6c18ab177cab84e","testCaseId":"bc901cf2c7dfee695c8f678d8a67f743","fullName":"src/test/resources/features/BillPayment.feature:22","labels":[{"name":"tag","value":"BillPayment"},{"name":"tag","value":"SkippingAmountSection"},{"name":"host","value":"DESKTOP-S99UOC8"},{"name":"thread","value":"23168@DESKTOP-S99UOC8.main(1)"},{"name":"feature","value":"Bill Payment"},{"name":"story","value":"Pay bills to payees by skipping amount section and trying to pay"},{"name":"suite","value":"Bill Payment"},{"name":"testClass","value":"Pay bills to payees by skipping amount section and trying to pay"},{"name":"framework","value":"cucumber4jvm"},{"name":"language","value":"java"},{"name":"gherkin_uri","value":"file:///C:/Users/HP/eclipse-workspace/selenium-workspace/zero-bank-capstone/src/test/resources/features/BillPayment.feature"},{"name":"package","value":"src.test.resources.features.BillPayment_feature.Bill Payment"}],"links":[],"name":"Pay bills to payees by skipping amount section and trying to pay","status":"failed","statusDetails":{"known":false,"muted":false,"flaky":false,"message":"expected [Amount field cannot be empty.] but found [Please fill out this field.]","trace":"java.lang.AssertionError: expected [Amount field cannot be empty.] but found [Please fill out this field.]\r\n\tat org.testng.Assert.fail(Assert.java:111)\r\n\tat org.testng.Assert.failNotEquals(Assert.java:1578)\r\n\tat org.testng.Assert.assertEqualsImpl(Assert.java:150)\r\n\tat org.testng.Assert.assertEquals(Assert.java:132)\r\n\tat org.testng.Assert.assertEquals(Assert.java:656)\r\n\tat org.testng.Assert.assertEquals(Assert.java:666)\r\n\tat com.zerobank.pages.PayBillsPage.validateSkippingAmount(PayBillsPage.java:119)\r\n\tat com.zerobank.steps.PayBillsStepDefinations.error_message_should_be_displayed(PayBillsStepDefinations.java:92)\r\n\tat ✽.Error message \"Amount field cannot be empty.\" should be displayed(file:///C:/Users/HP/eclipse-workspace/selenium-workspace/zero-bank-capstone/src/test/resources/features/BillPayment.feature:28)\r\n"},"stage":"finished","steps":[{"name":"Given the user is logged in","status":"passed","statusDetails":{"known":false,"muted":false,"flaky":false},"stage":"finished","steps":[],"attachments":[],"parameters":[],"start":1742202649028,"stop":1742202653648},{"name":"When the user navigates to the bill payment page","status":"passed","statusDetails":{"known":false,"muted":false,"flaky":false},"stage":"finished","steps":[],"attachments":[],"parameters":[],"start":1742202653649,"stop":1742202654931},{"name":"And selects a payee","status":"passed","statusDetails":{"known":false,"muted":false,"flaky":false},"stage":"finished","steps":[],"attachments":[],"parameters":[],"start":1742202654931,"stop":1742202655027},{"name":"Then enters \"\" as amount and \"17-03-2025\"","status":"passed","statusDetails":{"known":false,"muted":false,"flaky":false},"stage":"finished","steps":[],"attachments":[],"parameters":[],"start":1742202655027,"stop":1742202655568},{"name":"And clicks on the pay button","status":"passed","statusDetails":{"known":false,"muted":false,"flaky":false},"stage":"finished","steps":[],"attachments":[],"parameters":[],"start":1742202655569,"stop":1742202655753},{"name":"Then Error message \"Amount field cannot be empty.\" should be displayed","status":"failed","statusDetails":{"known":false,"muted":false,"flaky":false,"message":"expected [Amount field cannot be empty.] but found [Please fill out this field.]","trace":"java.lang.AssertionError: expected [Amount field cannot be empty.] but found [Please fill out this field.]\r\n\tat org.testng.Assert.fail(Assert.java:111)\r\n\tat org.testng.Assert.failNotEquals(Assert.java:1578)\r\n\tat org.testng.Assert.assertEqualsImpl(Assert.java:150)\r\n\tat org.testng.Assert.assertEquals(Assert.java:132)\r\n\tat org.testng.Assert.assertEquals(Assert.java:656)\r\n\tat org.testng.Assert.assertEquals(Assert.java:666)\r\n\tat com.zerobank.pages.PayBillsPage.validateSkippingAmount(PayBillsPage.java:119)\r\n\tat com.zerobank.steps.PayBillsStepDefinations.error_message_should_be_displayed(PayBillsStepDefinations.java:92)\r\n\tat ✽.Error message \"Amount field cannot be empty.\" should be displayed(file:///C:/Users/HP/eclipse-workspace/selenium-workspace/zero-bank-capstone/src/test/resources/features/BillPayment.feature:28)\r\n"},"stage":"finished","steps":[],"attachments":[],"parameters":[],"start":1742202655758,"stop":1742202655844}],"attachments":[],"parameters":[],"start":1742202644109,"stop":1742202656301}