{"uuid":"b1865573-7259-4a28-a29e-c08577c44438","historyId":"a618fc96e431071897ea35aaf58cd053","testCaseId":"fe3b9652a623ef7a70c71a71a3254057","fullName":"src/test/resources/features/Aauthentication.feature:14","labels":[{"name":"tag","value":"Aauthentication"},{"name":"tag","value":"invalidCredentials"},{"name":"host","value":"DESKTOP-S99UOC8"},{"name":"thread","value":"15808@DESKTOP-S99UOC8.main(1)"},{"name":"feature","value":"User Authentication"},{"name":"story","value":"User Authentication with invalid credentials"},{"name":"suite","value":"User Authentication"},{"name":"testClass","value":"User Authentication with invalid credentials"},{"name":"framework","value":"cucumber4jvm"},{"name":"language","value":"java"},{"name":"gherkin_uri","value":"file:///C:/Users/HP/eclipse-workspace/selenium-workspace/zero-bank-capstone/src/test/resources/features/Aauthentication.feature"},{"name":"package","value":"src.test.resources.features.Aauthentication_feature.User Authentication"}],"links":[],"name":"User Authentication with invalid credentials","status":"failed","statusDetails":{"known":false,"muted":false,"flaky":false,"message":"An error occurred while checking if the user is on the login page: stale element reference: stale element not found\n  (Session info: chrome=134.0.6998.89)\nFor documentation on this error, please visit: https://www.selenium.dev/documentation/webdriver/troubleshooting/errors#stale-element-reference-exception\nBuild info: version: '4.27.0', revision: 'd6e718d134'\nSystem info: os.name: 'Windows 10', os.arch: 'amd64', os.version: '10.0', java.version: '21.0.6'\nDriver info: org.openqa.selenium.chrome.ChromeDriver\nCommand: [c9793004f12d1949d37ce2b7951a1692, isElementDisplayed {id=f.D5258764B4963CB90825C1348443FD36.d.690021B5B48215DD47FB1130B568A941.e.10}]\nCapabilities {acceptInsecureCerts: false, browserName: chrome, browserVersion: 134.0.6998.89, chrome: {chromedriverVersion: 134.0.6998.88 (7e3d5c978c6d..., userDataDir: C:\\Users\\HP\\AppData\\Local\\T...}, fedcm:accounts: true, goog:chromeOptions: {debuggerAddress: localhost:50802}, networkConnectionEnabled: false, pageLoadStrategy: normal, platformName: windows, proxy: Proxy(), se:cdp: ws://localhost:50802/devtoo..., se:cdpVersion: 134.0.6998.89, setWindowRect: true, strictFileInteractability: false, timeouts: {implicit: 0, pageLoad: 300000, script: 30000}, unhandledPromptBehavior: dismiss and notify, webauthn:extension:credBlob: true, webauthn:extension:largeBlob: true, webauthn:extension:minPinLength: true, webauthn:extension:prf: true, webauthn:virtualAuthenticators: true}\nElement: [[ChromeDriver: chrome on windows (c9793004f12d1949d37ce2b7951a1692)] -> xpath: //input[@id='user_login']]\nSession ID: c9793004f12d1949d37ce2b7951a1692","trace":"java.lang.AssertionError: An error occurred while checking if the user is on the login page: stale element reference: stale element not found\n  (Session info: chrome=134.0.6998.89)\nFor documentation on this error, please visit: https://www.selenium.dev/documentation/webdriver/troubleshooting/errors#stale-element-reference-exception\nBuild info: version: '4.27.0', revision: 'd6e718d134'\nSystem info: os.name: 'Windows 10', os.arch: 'amd64', os.version: '10.0', java.version: '21.0.6'\nDriver info: org.openqa.selenium.chrome.ChromeDriver\nCommand: [c9793004f12d1949d37ce2b7951a1692, isElementDisplayed {id=f.D5258764B4963CB90825C1348443FD36.d.690021B5B48215DD47FB1130B568A941.e.10}]\nCapabilities {acceptInsecureCerts: false, browserName: chrome, browserVersion: 134.0.6998.89, chrome: {chromedriverVersion: 134.0.6998.88 (7e3d5c978c6d..., userDataDir: C:\\Users\\HP\\AppData\\Local\\T...}, fedcm:accounts: true, goog:chromeOptions: {debuggerAddress: localhost:50802}, networkConnectionEnabled: false, pageLoadStrategy: normal, platformName: windows, proxy: Proxy(), se:cdp: ws://localhost:50802/devtoo..., se:cdpVersion: 134.0.6998.89, setWindowRect: true, strictFileInteractability: false, timeouts: {implicit: 0, pageLoad: 300000, script: 30000}, unhandledPromptBehavior: dismiss and notify, webauthn:extension:credBlob: true, webauthn:extension:largeBlob: true, webauthn:extension:minPinLength: true, webauthn:extension:prf: true, webauthn:virtualAuthenticators: true}\nElement: [[ChromeDriver: chrome on windows (c9793004f12d1949d37ce2b7951a1692)] -> xpath: //input[@id='user_login']]\nSession ID: c9793004f12d1949d37ce2b7951a1692\r\n\tat org.testng.Assert.fail(Assert.java:111)\r\n\tat com.zerobank.steps.AuthenticationStepsDefinations.it_should_be_on_login_page(AuthenticationStepsDefinations.java:81)\r\n\tat ✽.It should be on login page(file:///C:/Users/HP/eclipse-workspace/selenium-workspace/zero-bank-capstone/src/test/resources/features/Aauthentication.feature:18)\r\n"},"stage":"finished","steps":[{"name":"Given User is on the login page","status":"passed","statusDetails":{"known":false,"muted":false,"flaky":false},"stage":"finished","steps":[],"attachments":[],"parameters":[],"start":1742318470352,"stop":1742318470807},{"name":"When User enters \"user\" and \"pass\" in respective field","status":"passed","statusDetails":{"known":false,"muted":false,"flaky":false},"stage":"finished","steps":[],"attachments":[],"parameters":[],"start":1742318470809,"stop":1742318471051},{"name":"And User clicks the login button2","status":"passed","statusDetails":{"known":false,"muted":false,"flaky":false},"stage":"finished","steps":[],"attachments":[],"parameters":[],"start":1742318471051,"stop":1742318471201},{"name":"Then It should be on login page","status":"failed","statusDetails":{"known":false,"muted":false,"flaky":false,"message":"An error occurred while checking if the user is on the login page: stale element reference: stale element not found\n  (Session info: chrome=134.0.6998.89)\nFor documentation on this error, please visit: https://www.selenium.dev/documentation/webdriver/troubleshooting/errors#stale-element-reference-exception\nBuild info: version: '4.27.0', revision: 'd6e718d134'\nSystem info: os.name: 'Windows 10', os.arch: 'amd64', os.version: '10.0', java.version: '21.0.6'\nDriver info: org.openqa.selenium.chrome.ChromeDriver\nCommand: [c9793004f12d1949d37ce2b7951a1692, isElementDisplayed {id=f.D5258764B4963CB90825C1348443FD36.d.690021B5B48215DD47FB1130B568A941.e.10}]\nCapabilities {acceptInsecureCerts: false, browserName: chrome, browserVersion: 134.0.6998.89, chrome: {chromedriverVersion: 134.0.6998.88 (7e3d5c978c6d..., userDataDir: C:\\Users\\HP\\AppData\\Local\\T...}, fedcm:accounts: true, goog:chromeOptions: {debuggerAddress: localhost:50802}, networkConnectionEnabled: false, pageLoadStrategy: normal, platformName: windows, proxy: Proxy(), se:cdp: ws://localhost:50802/devtoo..., se:cdpVersion: 134.0.6998.89, setWindowRect: true, strictFileInteractability: false, timeouts: {implicit: 0, pageLoad: 300000, script: 30000}, unhandledPromptBehavior: dismiss and notify, webauthn:extension:credBlob: true, webauthn:extension:largeBlob: true, webauthn:extension:minPinLength: true, webauthn:extension:prf: true, webauthn:virtualAuthenticators: true}\nElement: [[ChromeDriver: chrome on windows (c9793004f12d1949d37ce2b7951a1692)] -> xpath: //input[@id='user_login']]\nSession ID: c9793004f12d1949d37ce2b7951a1692","trace":"java.lang.AssertionError: An error occurred while checking if the user is on the login page: stale element reference: stale element not found\n  (Session info: chrome=134.0.6998.89)\nFor documentation on this error, please visit: https://www.selenium.dev/documentation/webdriver/troubleshooting/errors#stale-element-reference-exception\nBuild info: version: '4.27.0', revision: 'd6e718d134'\nSystem info: os.name: 'Windows 10', os.arch: 'amd64', os.version: '10.0', java.version: '21.0.6'\nDriver info: org.openqa.selenium.chrome.ChromeDriver\nCommand: [c9793004f12d1949d37ce2b7951a1692, isElementDisplayed {id=f.D5258764B4963CB90825C1348443FD36.d.690021B5B48215DD47FB1130B568A941.e.10}]\nCapabilities {acceptInsecureCerts: false, browserName: chrome, browserVersion: 134.0.6998.89, chrome: {chromedriverVersion: 134.0.6998.88 (7e3d5c978c6d..., userDataDir: C:\\Users\\HP\\AppData\\Local\\T...}, fedcm:accounts: true, goog:chromeOptions: {debuggerAddress: localhost:50802}, networkConnectionEnabled: false, pageLoadStrategy: normal, platformName: windows, proxy: Proxy(), se:cdp: ws://localhost:50802/devtoo..., se:cdpVersion: 134.0.6998.89, setWindowRect: true, strictFileInteractability: false, timeouts: {implicit: 0, pageLoad: 300000, script: 30000}, unhandledPromptBehavior: dismiss and notify, webauthn:extension:credBlob: true, webauthn:extension:largeBlob: true, webauthn:extension:minPinLength: true, webauthn:extension:prf: true, webauthn:virtualAuthenticators: true}\nElement: [[ChromeDriver: chrome on windows (c9793004f12d1949d37ce2b7951a1692)] -> xpath: //input[@id='user_login']]\nSession ID: c9793004f12d1949d37ce2b7951a1692\r\n\tat org.testng.Assert.fail(Assert.java:111)\r\n\tat com.zerobank.steps.AuthenticationStepsDefinations.it_should_be_on_login_page(AuthenticationStepsDefinations.java:81)\r\n\tat ✽.It should be on login page(file:///C:/Users/HP/eclipse-workspace/selenium-workspace/zero-bank-capstone/src/test/resources/features/Aauthentication.feature:18)\r\n"},"stage":"finished","steps":[],"attachments":[],"parameters":[],"start":1742318471202,"stop":1742318471853}],"attachments":[],"parameters":[],"start":1742318465557,"stop":1742318472121}