{"uuid":"f95df477-0583-47a6-90ec-e80ee3d0373c","historyId":"133cc31ef30e861ccc9184530891c71b","testCaseId":"d49dd9cecbca6433ffef3c39c52ca248","fullName":"src/test/resources/features/PurgeLogout.feature:5","labels":[{"name":"tag","value":"PurgeLogout"},{"name":"tag","value":"LogoutChecking"},{"name":"host","value":"DESKTOP-S99UOC8"},{"name":"thread","value":"8944@DESKTOP-S99UOC8.main(1)"},{"name":"feature","value":"Logout Functionality"},{"name":"story","value":"Logout Successfully"},{"name":"suite","value":"Logout Functionality"},{"name":"testClass","value":"Logout Successfully"},{"name":"framework","value":"cucumber4jvm"},{"name":"language","value":"java"},{"name":"gherkin_uri","value":"file:///C:/Users/HP/eclipse-workspace/selenium-workspace/zero-bank-capstone/src/test/resources/features/PurgeLogout.feature"},{"name":"package","value":"src.test.resources.features.PurgeLogout_feature.Logout Functionality"}],"links":[],"name":"Logout Successfully","status":"failed","statusDetails":{"known":false,"muted":false,"flaky":false,"message":"expected [[[ChromeDriver: chrome on windows (43860338cc8bb3997d33bae7fd98f665)] -> id: signin_button]] but found [true]","trace":"java.lang.AssertionError: expected [[[ChromeDriver: chrome on windows (43860338cc8bb3997d33bae7fd98f665)] -> id: signin_button]] but found [true]\r\n\tat org.testng.Assert.fail(Assert.java:111)\r\n\tat org.testng.Assert.failNotEquals(Assert.java:1578)\r\n\tat org.testng.Assert.assertEqualsImpl(Assert.java:150)\r\n\tat org.testng.Assert.assertEquals(Assert.java:132)\r\n\tat org.testng.Assert.assertEquals(Assert.java:644)\r\n\tat com.zerobank.pages.PurgeLogoutPage.validateSignInPage(PurgeLogoutPage.java:49)\r\n\tat com.zerobank.steps.PurgeLogoutStepDefinations.the_user_should_be_redirected_to_the_login_page(PurgeLogoutStepDefinations.java:44)\r\n\tat ✽.The user should be redirected to the login page(file:///C:/Users/HP/eclipse-workspace/selenium-workspace/zero-bank-capstone/src/test/resources/features/PurgeLogout.feature:8)\r\n"},"stage":"finished","steps":[{"name":"Given The user is logged into the Zero Bank platform with \"username\" and \"password\"","status":"passed","statusDetails":{"known":false,"muted":false,"flaky":false},"stage":"finished","steps":[],"attachments":[],"parameters":[],"start":1742282167924,"stop":1742282172084},{"name":"When The user clicks on the Logout button","status":"passed","statusDetails":{"known":false,"muted":false,"flaky":false},"stage":"finished","steps":[],"attachments":[],"parameters":[],"start":1742282172085,"stop":1742282173324},{"name":"Then The user should be redirected to the login page","status":"failed","statusDetails":{"known":false,"muted":false,"flaky":false,"message":"expected [[[ChromeDriver: chrome on windows (43860338cc8bb3997d33bae7fd98f665)] -> id: signin_button]] but found [true]","trace":"java.lang.AssertionError: expected [[[ChromeDriver: chrome on windows (43860338cc8bb3997d33bae7fd98f665)] -> id: signin_button]] but found [true]\r\n\tat org.testng.Assert.fail(Assert.java:111)\r\n\tat org.testng.Assert.failNotEquals(Assert.java:1578)\r\n\tat org.testng.Assert.assertEqualsImpl(Assert.java:150)\r\n\tat org.testng.Assert.assertEquals(Assert.java:132)\r\n\tat org.testng.Assert.assertEquals(Assert.java:644)\r\n\tat com.zerobank.pages.PurgeLogoutPage.validateSignInPage(PurgeLogoutPage.java:49)\r\n\tat com.zerobank.steps.PurgeLogoutStepDefinations.the_user_should_be_redirected_to_the_login_page(PurgeLogoutStepDefinations.java:44)\r\n\tat ✽.The user should be redirected to the login page(file:///C:/Users/HP/eclipse-workspace/selenium-workspace/zero-bank-capstone/src/test/resources/features/PurgeLogout.feature:8)\r\n"},"stage":"finished","steps":[],"attachments":[],"parameters":[],"start":1742282173324,"stop":1742282173421}],"attachments":[],"parameters":[],"start":1742282159940,"stop":1742282174099}