<?xml version="1.0" encoding="UTF-8"?>
<testng-results ignored="0" total="1" passed="0" failed="1" skipped="0">
  <reporter-output>
  </reporter-output>
  <suite started-at="2025-03-20T11:58:49 IST" name="Default suite" finished-at="2025-03-20T11:59:28 IST" duration-ms="38324">
    <groups>
      <group name="cucumber">
        <method signature="AbstractTestNGCucumberTests.runScenario(io.cucumber.testng.PickleWrapper,io.cucumber.testng.FeatureWrapper)[pri:0, instance:com.zerobank.runners.TestRunner_File@47c81abf]" name="runScenario" class="io.cucumber.testng.AbstractTestNGCucumberTests"/>
      </group> <!-- cucumber -->
    </groups>
    <test started-at="2025-03-20T11:58:49 IST" name="Default test" finished-at="2025-03-20T11:59:28 IST" duration-ms="38324">
      <class name="com.zerobank.runners.TestRunner_File">
        <test-method is-config="true" signature="setUpClass(org.testng.ITestContext)[pri:0, instance:com.zerobank.runners.TestRunner_File@47c81abf]" started-at="2025-03-20T11:58:49 IST" name="setUpClass" finished-at="2025-03-20T11:58:51 IST" duration-ms="1664" status="PASS">
          <params>
            <param index="0">
              <value>
                <![CDATA[org.testng.TestRunner@3b9ac754]]>
              </value>
            </param>
          </params>
          <reporter-output>
          </reporter-output>
        </test-method> <!-- setUpClass -->
        <test-method signature="runScenario(io.cucumber.testng.PickleWrapper,io.cucumber.testng.FeatureWrapper)[pri:0, instance:com.zerobank.runners.TestRunner_File@47c81abf]" started-at="2025-03-20T11:58:51 IST" name="runScenario" description="Runs Cucumber Scenarios" data-provider="scenarios" finished-at="2025-03-20T11:59:27 IST" duration-ms="35795" status="FAIL">
          <params>
            <param index="0">
              <value>
                <![CDATA["Adding a new Payee with missing details"]]>
              </value>
            </param>
            <param index="1">
              <value>
                <![CDATA["Bill Payment"]]>
              </value>
            </param>
          </params>
          <exception class="java.lang.AssertionError">
            <message>
              <![CDATA[expected [true] but found [false]]]>
            </message>
            <full-stacktrace>
              <![CDATA[java.lang.AssertionError: expected [true] but found [false]
at org.testng.Assert.fail(Assert.java:111)
at org.testng.Assert.failNotEquals(Assert.java:1578)
at org.testng.Assert.assertTrue(Assert.java:57)
at org.testng.Assert.assertTrue(Assert.java:67)
at com.zerobank.steps.PayBillsStepDefinations.error_message_should_be_displayed(PayBillsStepDefinations.java:93)
at âœ½.Error message "All fields are required." should be displayed(file:///C:/Users/HP/eclipse-workspace/selenium-workspace/zero-bank-capstone/src/test/resources/features/BillPayment.feature:46)
]]>
            </full-stacktrace>
          </exception> <!-- java.lang.AssertionError -->
          <reporter-output>
          </reporter-output>
        </test-method> <!-- runScenario -->
        <test-method is-config="true" signature="tearDownClass()[pri:0, instance:com.zerobank.runners.TestRunner_File@47c81abf]" started-at="2025-03-20T11:59:27 IST" name="tearDownClass" finished-at="2025-03-20T11:59:28 IST" duration-ms="714" status="PASS">
          <reporter-output>
          </reporter-output>
        </test-method> <!-- tearDownClass -->
      </class> <!-- com.zerobank.runners.TestRunner_File -->
    </test> <!-- Default test -->
  </suite> <!-- Default suite -->
</testng-results>
