<?xml version="1.0" encoding="UTF-8"?>
<!-- Generated by org.testng.reporters.JUnitReportReporter -->
<testsuite hostname="DESKTOP-S99UOC8" failures="4" tests="15" name="com.zerobank.runners.RunnerFile" time="269.958" errors="0" timestamp="2025-03-19T22:39:16 IST" skipped="0">
  <testcase classname="com.zerobank.runners.RunnerFile" name="runScenario" time="22.012"/>
  <testcase classname="com.zerobank.runners.RunnerFile" name="runScenario" time="13.392"/>
  <testcase classname="com.zerobank.runners.RunnerFile" name="runScenario" time="32.943">
    <failure message="expected [true] but found [false]" type="java.lang.AssertionError">
      <![CDATA[java.lang.AssertionError: expected [true] but found [false]
at org.testng.Assert.fail(Assert.java:111)
at org.testng.Assert.failNotEquals(Assert.java:1578)
at org.testng.Assert.assertTrue(Assert.java:57)
at org.testng.Assert.assertTrue(Assert.java:67)
at com.zerobank.steps.PayBillsStepDefinations.error_message_should_be_displayed(PayBillsStepDefinations.java:93)
at ✽.Error message "Amount field cannot be empty." should be displayed(file:///C:/Users/HP/eclipse-workspace/selenium-workspace/zero-bank-capstone/src/test/resources/features/BillPayment.feature:28)
]]>
    </failure>
  </testcase> <!-- runScenario -->
  <testcase classname="com.zerobank.runners.RunnerFile" name="runScenario" time="13.660"/>
  <testcase classname="com.zerobank.runners.RunnerFile" name="runScenario" time="10.662"/>
  <testcase classname="com.zerobank.runners.RunnerFile" name="runScenario" time="35.241"/>
  <testcase classname="com.zerobank.runners.RunnerFile" name="runScenario" time="9.472"/>
  <testcase classname="com.zerobank.runners.RunnerFile" name="runScenario" time="10.531"/>
  <testcase classname="com.zerobank.runners.RunnerFile" name="runScenario" time="6.653"/>
  <testcase classname="com.zerobank.runners.RunnerFile" name="runScenario" time="41.173">
    <failure message="expected [true] but found [false]" type="java.lang.AssertionError">
      <![CDATA[java.lang.AssertionError: expected [true] but found [false]
at org.testng.Assert.fail(Assert.java:111)
at org.testng.Assert.failNotEquals(Assert.java:1578)
at org.testng.Assert.assertTrue(Assert.java:57)
at org.testng.Assert.assertTrue(Assert.java:67)
at com.zerobank.steps.FundTransferStepDefinations.it_should_show_message(FundTransferStepDefinations.java:57)
at ✽.it should show "Insufficient funds" message(file:///C:/Users/HP/eclipse-workspace/selenium-workspace/zero-bank-capstone/src/test/resources/features/FundTranser.feature:19)
]]>
    </failure>
  </testcase> <!-- runScenario -->
  <testcase classname="com.zerobank.runners.RunnerFile" name="runScenario" time="6.491"/>
  <testcase classname="com.zerobank.runners.RunnerFile" name="runScenario" time="9.700"/>
  <testcase classname="com.zerobank.runners.RunnerFile" name="runScenario" time="32.344">
    <failure message="expected [true] but found [false]" type="java.lang.AssertionError">
      <![CDATA[java.lang.AssertionError: expected [true] but found [false]
at org.testng.Assert.fail(Assert.java:111)
at org.testng.Assert.failNotEquals(Assert.java:1578)
at org.testng.Assert.assertTrue(Assert.java:57)
at org.testng.Assert.assertTrue(Assert.java:67)
at com.zerobank.steps.PayBillsStepDefinations.error_message_should_be_displayed(PayBillsStepDefinations.java:93)
at ✽.Error message "All fields are required." should be displayed(file:///C:/Users/HP/eclipse-workspace/selenium-workspace/zero-bank-capstone/src/test/resources/features/BillPayment.feature:46)
]]>
    </failure>
  </testcase> <!-- runScenario -->
  <testcase classname="com.zerobank.runners.RunnerFile" name="runScenario" time="12.685"/>
  <testcase classname="com.zerobank.runners.RunnerFile" name="runScenario" time="12.999">
    <failure message="expected [true] but found [false]" type="java.lang.AssertionError">
      <![CDATA[java.lang.AssertionError: expected [true] but found [false]
at org.testng.Assert.fail(Assert.java:111)
at org.testng.Assert.failNotEquals(Assert.java:1578)
at org.testng.Assert.assertTrue(Assert.java:57)
at org.testng.Assert.assertTrue(Assert.java:67)
at com.zerobank.steps.FundTransferStepDefinations.it_should_show_message(FundTransferStepDefinations.java:57)
at ✽.it should show "Invalid amount entered" message(file:///C:/Users/HP/eclipse-workspace/selenium-workspace/zero-bank-capstone/src/test/resources/features/FundTranser.feature:27)
]]>
    </failure>
  </testcase> <!-- runScenario -->
</testsuite> <!-- com.zerobank.runners.RunnerFile -->
