<html>
<head>
<title>TestNG:  Test</title>
<link href="../testng.css" rel="stylesheet" type="text/css" />
<link href="../my-testng.css" rel="stylesheet" type="text/css" />

<style type="text/css">
.log { display: none;} 
.stack-trace { display: none;} 
</style>
<script type="text/javascript">
<!--
function flip(e) {
  current = e.style.display;
  if (current == 'block') {
    e.style.display = 'none';
    return 0;
  }
  else {
    e.style.display = 'block';
    return 1;
  }
}

function toggleBox(szDivId, elem, msg1, msg2)
{
  var res = -1;  if (document.getElementById) {
    res = flip(document.getElementById(szDivId));
  }
  else if (document.all) {
    // this is the way old msie versions work
    res = flip(document.all[szDivId]);
  }
  if(elem) {
    if(res == 0) elem.innerHTML = msg1; else elem.innerHTML = msg2;
  }

}

function toggleAllBoxes() {
  if (document.getElementsByTagName) {
    d = document.getElementsByTagName('div');
    for (i = 0; i < d.length; i++) {
      if (d[i].className == 'log') {
        flip(d[i]);
      }
    }
  }
}

// -->
</script>

</head>
<body>
<h2 align='center'>Test</h2><table border='1' align="center">
<tr>
<td>Tests passed/Failed/Skipped:</td><td>11/4/0</td>
</tr><tr>
<td>Started on:</td><td>Thu Mar 20 00:15:14 IST 2025</td>
</tr>
<tr><td>Total time:</td><td>281 seconds (281237 ms)</td>
</tr><tr>
<td>Included groups:</td><td></td>
</tr><tr>
<td>Excluded groups:</td><td></td>
</tr>
</table><p/>
<small><i>(Hover the method name to see the test class name)</i></small><p/>
<table width='100%' border='1' class='invocation-failed'>
<tr><td colspan='4' align='center'><b>FAILED TESTS</b></td></tr>
<tr><td><b>Test method</b></td>
<td><b>Attribute(s)</b></td>
<td width="30%"><b>Exception</b></td>
<td width="10%"><b>Time (seconds)</b></td>
<td><b>Instance</b></td>
</tr>
<tr>
<td title='com.zerobank.runners.TestRunner_File.runScenario()'><b>runScenario</b><br>Test class: com.zerobank.runners.TestRunner_File<br>Test method: Runs Cucumber Scenarios<br>Parameters: "Pay bills to payees by skipping amount section and trying to pay", "Bill Payment"</td>
<td><div><pre>java.lang.AssertionError: expected [true] but found [false]
	at com.zerobank.steps.PayBillsStepDefinations.error_message_should_be_displayed(PayBillsStepDefinations.java:93)
	at ✽.Error message &quot;Amount field cannot be empty.&quot; should be displayed(file:///C:/Users/HP/eclipse-workspace/selenium-workspace/zero-bank-capstone/src/test/resources/features/BillPayment.feature:28)
... Removed 4 stack frames</pre></div><a href='#' onClick='toggleBox("stack-trace2059702021", this, "Click to show all stack frames", "Click to hide stack frames")'>Click to show all stack frames</a>
<div class='stack-trace' id='stack-trace2059702021'><pre>java.lang.AssertionError: expected [true] but found [false]
	at org.testng.Assert.fail(Assert.java:111)
	at org.testng.Assert.failNotEquals(Assert.java:1578)
	at org.testng.Assert.assertTrue(Assert.java:57)
	at org.testng.Assert.assertTrue(Assert.java:67)
	at com.zerobank.steps.PayBillsStepDefinations.error_message_should_be_displayed(PayBillsStepDefinations.java:93)
	at ✽.Error message &quot;Amount field cannot be empty.&quot; should be displayed(file:///C:/Users/HP/eclipse-workspace/selenium-workspace/zero-bank-capstone/src/test/resources/features/BillPayment.feature:28)
</pre></div></td>
<td>32</td>
<td>com.zerobank.runners.TestRunner_File@47c81abf</td></tr>
<tr>
<td title='com.zerobank.runners.TestRunner_File.runScenario()'><b>runScenario</b><br>Test class: com.zerobank.runners.TestRunner_File<br>Test method: Runs Cucumber Scenarios<br>Parameters: "Adding a new Payee with missing details", "Bill Payment"</td>
<td><div><pre>java.lang.AssertionError: expected [true] but found [false]
	at com.zerobank.steps.PayBillsStepDefinations.error_message_should_be_displayed(PayBillsStepDefinations.java:93)
	at ✽.Error message &quot;All fields are required.&quot; should be displayed(file:///C:/Users/HP/eclipse-workspace/selenium-workspace/zero-bank-capstone/src/test/resources/features/BillPayment.feature:46)
... Removed 4 stack frames</pre></div><a href='#' onClick='toggleBox("stack-trace249483336", this, "Click to show all stack frames", "Click to hide stack frames")'>Click to show all stack frames</a>
<div class='stack-trace' id='stack-trace249483336'><pre>java.lang.AssertionError: expected [true] but found [false]
	at org.testng.Assert.fail(Assert.java:111)
	at org.testng.Assert.failNotEquals(Assert.java:1578)
	at org.testng.Assert.assertTrue(Assert.java:57)
	at org.testng.Assert.assertTrue(Assert.java:67)
	at com.zerobank.steps.PayBillsStepDefinations.error_message_should_be_displayed(PayBillsStepDefinations.java:93)
	at ✽.Error message &quot;All fields are required.&quot; should be displayed(file:///C:/Users/HP/eclipse-workspace/selenium-workspace/zero-bank-capstone/src/test/resources/features/BillPayment.feature:46)
</pre></div></td>
<td>32</td>
<td>com.zerobank.runners.TestRunner_File@47c81abf</td></tr>
<tr>
<td title='com.zerobank.runners.TestRunner_File.runScenario()'><b>runScenario</b><br>Test class: com.zerobank.runners.TestRunner_File<br>Test method: Runs Cucumber Scenarios<br>Parameters: "Transfer funds between accounts with negative amount", "Fund Transfer"</td>
<td><div><pre>java.lang.AssertionError: expected [true] but found [false]
	at com.zerobank.steps.FundTransferStepDefinations.it_should_show_message(FundTransferStepDefinations.java:57)
	at ✽.it should show &quot;Invalid amount entered&quot; message(file:///C:/Users/HP/eclipse-workspace/selenium-workspace/zero-bank-capstone/src/test/resources/features/FundTranser.feature:27)
... Removed 4 stack frames</pre></div><a href='#' onClick='toggleBox("stack-trace1622945931", this, "Click to show all stack frames", "Click to hide stack frames")'>Click to show all stack frames</a>
<div class='stack-trace' id='stack-trace1622945931'><pre>java.lang.AssertionError: expected [true] but found [false]
	at org.testng.Assert.fail(Assert.java:111)
	at org.testng.Assert.failNotEquals(Assert.java:1578)
	at org.testng.Assert.assertTrue(Assert.java:57)
	at org.testng.Assert.assertTrue(Assert.java:67)
	at com.zerobank.steps.FundTransferStepDefinations.it_should_show_message(FundTransferStepDefinations.java:57)
	at ✽.it should show &quot;Invalid amount entered&quot; message(file:///C:/Users/HP/eclipse-workspace/selenium-workspace/zero-bank-capstone/src/test/resources/features/FundTranser.feature:27)
</pre></div></td>
<td>31</td>
<td>com.zerobank.runners.TestRunner_File@47c81abf</td></tr>
<tr>
<td title='com.zerobank.runners.TestRunner_File.runScenario()'><b>runScenario</b><br>Test class: com.zerobank.runners.TestRunner_File<br>Test method: Runs Cucumber Scenarios<br>Parameters: "Transfer funds between accounts with more than present balance", "Fund Transfer"</td>
<td><div><pre>java.lang.AssertionError: expected [true] but found [false]
	at com.zerobank.steps.FundTransferStepDefinations.it_should_show_message(FundTransferStepDefinations.java:57)
	at ✽.it should show &quot;Insufficient funds&quot; message(file:///C:/Users/HP/eclipse-workspace/selenium-workspace/zero-bank-capstone/src/test/resources/features/FundTranser.feature:19)
... Removed 4 stack frames</pre></div><a href='#' onClick='toggleBox("stack-trace890547325", this, "Click to show all stack frames", "Click to hide stack frames")'>Click to show all stack frames</a>
<div class='stack-trace' id='stack-trace890547325'><pre>java.lang.AssertionError: expected [true] but found [false]
	at org.testng.Assert.fail(Assert.java:111)
	at org.testng.Assert.failNotEquals(Assert.java:1578)
	at org.testng.Assert.assertTrue(Assert.java:57)
	at org.testng.Assert.assertTrue(Assert.java:67)
	at com.zerobank.steps.FundTransferStepDefinations.it_should_show_message(FundTransferStepDefinations.java:57)
	at ✽.it should show &quot;Insufficient funds&quot; message(file:///C:/Users/HP/eclipse-workspace/selenium-workspace/zero-bank-capstone/src/test/resources/features/FundTranser.feature:19)
</pre></div></td>
<td>40</td>
<td>com.zerobank.runners.TestRunner_File@47c81abf</td></tr>
</table><p>
<table width='100%' border='1' class='invocation-passed'>
<tr><td colspan='4' align='center'><b>PASSED TESTS</b></td></tr>
<tr><td><b>Test method</b></td>
<td><b>Attribute(s)</b></td>
<td width="30%"><b>Exception</b></td>
<td width="10%"><b>Time (seconds)</b></td>
<td><b>Instance</b></td>
</tr>
<tr>
<td title='com.zerobank.runners.TestRunner_File.runScenario()'><b>runScenario</b><br>Test class: com.zerobank.runners.TestRunner_File<br>Test method: Runs Cucumber Scenarios<br>Parameters: "Verify account details and balances", "Account Summary"</td>
<td></td>
<td>10</td>
<td>com.zerobank.runners.TestRunner_File@47c81abf</td></tr>
<tr>
<td title='com.zerobank.runners.TestRunner_File.runScenario()'><b>runScenario</b><br>Test class: com.zerobank.runners.TestRunner_File<br>Test method: Runs Cucumber Scenarios<br>Parameters: "Pay bills to payees", "Bill Payment"</td>
<td></td>
<td>13</td>
<td>com.zerobank.runners.TestRunner_File@47c81abf</td></tr>
<tr>
<td title='com.zerobank.runners.TestRunner_File.runScenario()'><b>runScenario</b><br>Test class: com.zerobank.runners.TestRunner_File<br>Test method: Runs Cucumber Scenarios<br>Parameters: "Pay bills to payees with future date", "Bill Payment"</td>
<td></td>
<td>12</td>
<td>com.zerobank.runners.TestRunner_File@47c81abf</td></tr>
<tr>
<td title='com.zerobank.runners.TestRunner_File.runScenario()'><b>runScenario</b><br>Test class: com.zerobank.runners.TestRunner_File<br>Test method: Runs Cucumber Scenarios<br>Parameters: "User Authentication with n credentials", "User Authentication"</td>
<td></td>
<td>6</td>
<td>com.zerobank.runners.TestRunner_File@47c81abf</td></tr>
<tr>
<td title='com.zerobank.runners.TestRunner_File.runScenario()'><b>runScenario</b><br>Test class: com.zerobank.runners.TestRunner_File<br>Test method: Runs Cucumber Scenarios<br>Parameters: "Verify Session Expiry After Logout", "Logout Functionality"</td>
<td></td>
<td>8</td>
<td>com.zerobank.runners.TestRunner_File@47c81abf</td></tr>
<tr>
<td title='com.zerobank.runners.TestRunner_File.runScenario()'><b>runScenario</b><br>Test class: com.zerobank.runners.TestRunner_File<br>Test method: Runs Cucumber Scenarios<br>Parameters: "Adding a new Payee", "Bill Payment"</td>
<td></td>
<td>12</td>
<td>com.zerobank.runners.TestRunner_File@47c81abf</td></tr>
<tr>
<td title='com.zerobank.runners.TestRunner_File.runScenario()'><b>runScenario</b><br>Test class: com.zerobank.runners.TestRunner_File<br>Test method: Runs Cucumber Scenarios<br>Parameters: "User Authentication with valid credentials", "User Authentication"</td>
<td></td>
<td>33</td>
<td>com.zerobank.runners.TestRunner_File@47c81abf</td></tr>
<tr>
<td title='com.zerobank.runners.TestRunner_File.runScenario()'><b>runScenario</b><br>Test class: com.zerobank.runners.TestRunner_File<br>Test method: Runs Cucumber Scenarios<br>Parameters: "User Authentication with invalid credentials", "User Authentication"</td>
<td></td>
<td>9</td>
<td>com.zerobank.runners.TestRunner_File@47c81abf</td></tr>
<tr>
<td title='com.zerobank.runners.TestRunner_File.runScenario()'><b>runScenario</b><br>Test class: com.zerobank.runners.TestRunner_File<br>Test method: Runs Cucumber Scenarios<br>Parameters: "Transfer funds between accounts", "Fund Transfer"</td>
<td></td>
<td>12</td>
<td>com.zerobank.runners.TestRunner_File@47c81abf</td></tr>
<tr>
<td title='com.zerobank.runners.TestRunner_File.runScenario()'><b>runScenario</b><br>Test class: com.zerobank.runners.TestRunner_File<br>Test method: Runs Cucumber Scenarios<br>Parameters: "Download Account Statement pdf", "Download Account Statement"</td>
<td></td>
<td>14</td>
<td>com.zerobank.runners.TestRunner_File@47c81abf</td></tr>
<tr>
<td title='com.zerobank.runners.TestRunner_File.runScenario()'><b>runScenario</b><br>Test class: com.zerobank.runners.TestRunner_File<br>Test method: Runs Cucumber Scenarios<br>Parameters: "Logout Successfully", "Logout Functionality"</td>
<td></td>
<td>8</td>
<td>com.zerobank.runners.TestRunner_File@47c81abf</td></tr>
</table><p>
</body>
</html>